# JRE version: OpenJDK Runtime Environment (8.0_202) (build 1.8.0_202-release-1483-b49-5587405)
# Java VM: OpenJDK 64-Bit Server VM (25.202-b49-5587405 mixed mode linux-amd64 compressed oops)
Heap:
 PSYoungGen      total 163840K, used 31217K [0x00000000e0000000, 0x00000000ee180000, 0x0000000100000000)
  eden space 132608K, 0% used [0x00000000e0000000,0x00000000e0000000,0x00000000e8180000)
  from space 31232K, 99% used [0x00000000e8600000,0x00000000ea47c4c8,0x00000000ea480000)
  to   space 49152K, 0% used [0x00000000eb180000,0x00000000eb180000,0x00000000ee180000)
 ParOldGen       total 150016K, used 142913K [0x00000000a0000000, 0x00000000a9280000, 0x00000000e0000000)
  object space 150016K, 95% used [0x00000000a0000000,0x00000000a8b905e8,0x00000000a9280000)
 Metaspace       used 162355K, capacity 170466K, committed 170840K, reserved 1198080K
  class space    used 20982K, capacity 22533K, committed 22656K, reserved 1048576K
GC Heap History (10 events):
Event: 21112,583 GC heap after
Heap after GC invocations=50 (full 5):
 PSYoungGen      total 159744K, used 5024K [0x00000000e0000000, 0x00000000ec900000, 0x0000000100000000)
  eden space 154624K, 0% used [0x00000000e0000000,0x00000000e0000000,0x00000000e9700000)
  from space 5120K, 98% used [0x00000000ea400000,0x00000000ea8e8020,0x00000000ea900000)
  to   space 22016K, 0% used [0x00000000eb380000,0x00000000eb380000,0x00000000ec900000)
 ParOldGen       total 150016K, used 89498K [0x00000000a0000000, 0x00000000a9280000, 0x00000000e0000000)
  object space 150016K, 59% used [0x00000000a0000000,0x00000000a5766890,0x00000000a9280000)
 Metaspace       used 148819K, capacity 155938K, committed 156248K, reserved 1185792K
  class space    used 19154K, capacity 20529K, committed 20608K, reserved 1048576K
}
Event: 21554,589 GC heap before
{Heap before GC invocations=51 (full 5):
 PSYoungGen      total 159744K, used 159648K [0x00000000e0000000, 0x00000000ec900000, 0x0000000100000000)
  eden space 154624K, 100% used [0x00000000e0000000,0x00000000e9700000,0x00000000e9700000)
  from space 5120K, 98% used [0x00000000ea400000,0x00000000ea8e8020,0x00000000ea900000)
  to   space 22016K, 0% used [0x00000000eb380000,0x00000000eb380000,0x00000000ec900000)
 ParOldGen       total 150016K, used 89498K [0x00000000a0000000, 0x00000000a9280000, 0x00000000e0000000)
  object space 150016K, 59% used [0x00000000a0000000,0x00000000a5766890,0x00000000a9280000)
 Metaspace       used 148953K, capacity 156206K, committed 156376K, reserved 1185792K
  class space    used 19166K, capacity 20579K, committed 20736K, reserved 1048576K
Event: 21554,694 GC heap after
Heap after GC invocations=51 (full 5):
 PSYoungGen      total 159232K, used 10016K [0x00000000e0000000, 0x00000000ebd80000, 0x0000000100000000)
  eden space 148992K, 0% used [0x00000000e0000000,0x00000000e0000000,0x00000000e9180000)
  from space 10240K, 97% used [0x00000000eb380000,0x00000000ebd48080,0x00000000ebd80000)
  to   space 20992K, 0% used [0x00000000e9480000,0x00000000e9480000,0x00000000ea900000)
 ParOldGen       total 150016K, used 89506K [0x00000000a0000000, 0x00000000a9280000, 0x00000000e0000000)
  object space 150016K, 59% used [0x00000000a0000000,0x00000000a5768890,0x00000000a9280000)
 Metaspace       used 148953K, capacity 156206K, committed 156376K, reserved 1185792K
  class space    used 19166K, capacity 20579K, committed 20736K, reserved 1048576K
}
Event: 21567,683 GC heap before
{Heap before GC invocations=52 (full 5):
 PSYoungGen      total 159232K, used 159008K [0x00000000e0000000, 0x00000000ebd80000, 0x0000000100000000)
  eden space 148992K, 100% used [0x00000000e0000000,0x00000000e9180000,0x00000000e9180000)
  from space 10240K, 97% used [0x00000000eb380000,0x00000000ebd48080,0x00000000ebd80000)
  to   space 20992K, 0% used [0x00000000e9480000,0x00000000e9480000,0x00000000ea900000)
 ParOldGen       total 150016K, used 89506K [0x00000000a0000000, 0x00000000a9280000, 0x00000000e0000000)
  object space 150016K, 59% used [0x00000000a0000000,0x00000000a5768890,0x00000000a9280000)
 Metaspace       used 154739K, capacity 162028K, committed 162392K, reserved 1189888K
  class space    used 19821K, capacity 21260K, committed 21376K, reserved 1048576K
Event: 21567,732 GC heap after
Heap after GC invocations=52 (full 5):
 PSYoungGen      total 160256K, used 16225K [0x00000000e0000000, 0x00000000eb780000, 0x0000000100000000)
  eden space 143872K, 0% used [0x00000000e0000000,0x00000000e0000000,0x00000000e8c80000)
  from space 16384K, 99% used [0x00000000e9480000,0x00000000ea458528,0x00000000ea480000)
  to   space 19456K, 0% used [0x00000000ea480000,0x00000000ea480000,0x00000000eb780000)
 ParOldGen       total 150016K, used 89506K [0x00000000a0000000, 0x00000000a9280000, 0x00000000e0000000)
  object space 150016K, 59% used [0x00000000a0000000,0x00000000a5768890,0x00000000a9280000)
 Metaspace       used 154739K, capacity 162028K, committed 162392K, reserved 1189888K
  class space    used 19821K, capacity 21260K, committed 21376K, reserved 1048576K
}
Event: 21589,839 GC heap before
{Heap before GC invocations=53 (full 5):
 PSYoungGen      total 160256K, used 160097K [0x00000000e0000000, 0x00000000eb780000, 0x0000000100000000)
  eden space 143872K, 100% used [0x00000000e0000000,0x00000000e8c80000,0x00000000e8c80000)
  from space 16384K, 99% used [0x00000000e9480000,0x00000000ea458528,0x00000000ea480000)
  to   space 19456K, 0% used [0x00000000ea480000,0x00000000ea480000,0x00000000eb780000)
 ParOldGen       total 150016K, used 89506K [0x00000000a0000000, 0x00000000a9280000, 0x00000000e0000000)
  object space 150016K, 59% used [0x00000000a0000000,0x00000000a5768890,0x00000000a9280000)
 Metaspace       used 161418K, capacity 169398K, committed 169688K, reserved 1196032K
  class space    used 20832K, capacity 22379K, committed 22528K, reserved 1048576K
Event: 21589,998 GC heap after
Heap after GC invocations=53 (full 5):
 PSYoungGen      total 156672K, used 19429K [0x00000000e0000000, 0x00000000ec480000, 0x0000000100000000)
  eden space 137216K, 0% used [0x00000000e0000000,0x00000000e0000000,0x00000000e8600000)
  from space 19456K, 99% used [0x00000000ea480000,0x00000000eb779708,0x00000000eb780000)
  to   space 31232K, 0% used [0x00000000e8600000,0x00000000e8600000,0x00000000ea480000)
 ParOldGen       total 150016K, used 108098K [0x00000000a0000000, 0x00000000a9280000, 0x00000000e0000000)
  object space 150016K, 72% used [0x00000000a0000000,0x00000000a6990960,0x00000000a9280000)
 Metaspace       used 161418K, capacity 169398K, committed 169688K, reserved 1196032K
  class space    used 20832K, capacity 22379K, committed 22528K, reserved 1048576K
}
Event: 21597,313 GC heap before
{Heap before GC invocations=54 (full 5):
 PSYoungGen      total 156672K, used 156645K [0x00000000e0000000, 0x00000000ec480000, 0x0000000100000000)
  eden space 137216K, 100% used [0x00000000e0000000,0x00000000e8600000,0x00000000e8600000)
  from space 19456K, 99% used [0x00000000ea480000,0x00000000eb779708,0x00000000eb780000)
  to   space 31232K, 0% used [0x00000000e8600000,0x00000000e8600000,0x00000000ea480000)
 ParOldGen       total 150016K, used 108098K [0x00000000a0000000, 0x00000000a9280000, 0x00000000e0000000)
  object space 150016K, 72% used [0x00000000a0000000,0x00000000a6990960,0x00000000a9280000)
 Metaspace       used 162355K, capacity 170466K, committed 170840K, reserved 1198080K
  class space    used 20982K, capacity 22533K, committed 22656K, reserved 1048576K
Event: 21597,462 GC heap after
Heap after GC invocations=54 (full 5):
 PSYoungGen      total 163840K, used 31217K [0x00000000e0000000, 0x00000000ee180000, 0x0000000100000000)
  eden space 132608K, 0% used [0x00000000e0000000,0x00000000e0000000,0x00000000e8180000)
  from space 31232K, 99% used [0x00000000e8600000,0x00000000ea47c4c8,0x00000000ea480000)
  to   space 49152K, 0% used [0x00000000eb180000,0x00000000eb180000,0x00000000ee180000)
 ParOldGen       total 150016K, used 142913K [0x00000000a0000000, 0x00000000a9280000, 0x00000000e0000000)
  object space 150016K, 95% used [0x00000000a0000000,0x00000000a8b905e8,0x00000000a9280000)
 Metaspace       used 162355K, capacity 170466K, committed 170840K, reserved 1198080K
  class space    used 20982K, capacity 22533K, committed 22656K, reserved 1048576K
}
Event: 21597,462 GC heap before
{Heap before GC invocations=55 (full 6):
 PSYoungGen      total 163840K, used 31217K [0x00000000e0000000, 0x00000000ee180000, 0x0000000100000000)
  eden space 132608K, 0% used [0x00000000e0000000,0x00000000e0000000,0x00000000e8180000)
  from space 31232K, 99% used [0x00000000e8600000,0x00000000ea47c4c8,0x00000000ea480000)
  to   space 49152K, 0% used [0x00000000eb180000,0x00000000eb180000,0x00000000ee180000)
 ParOldGen       total 150016K, used 142913K [0x00000000a0000000, 0x00000000a9280000, 0x00000000e0000000)
  object space 150016K, 95% used [0x00000000a0000000,0x00000000a8b905e8,0x00000000a9280000)
 Metaspace       used 162355K, capacity 170466K, committed 170840K, reserved 1198080K
  class space    used 20982K, capacity 22533K, committed 22656K, reserved 1048576K

